0 info it worked if it ends with ok
1 verbose cli [ 'C:\\Program Files\\nodejs\\node.exe',
1 verbose cli   'C:\\Program Files\\nodejs\\node_modules\\npm\\bin\\npm-cli.js',
1 verbose cli   'install',
1 verbose cli   '--save-dev',
1 verbose cli   '$(document).ready(init());' ]
2 info using npm@2.15.1
3 info using node@v4.4.4
4 verbose install initial load of C:\LABORATORIAJS\Carrocomp-proyecto\package.json
5 warn package.json ej_gulp@1.0.0 No repository field.
6 verbose installManyTop reading scoped package data from C:\LABORATORIAJS\Carrocomp-proyecto\node_modules\bootstrap\package.json
7 verbose installManyTop reading scoped package data from C:\LABORATORIAJS\Carrocomp-proyecto\node_modules\bootstrap-select\package.json
8 verbose installManyTop reading scoped package data from C:\LABORATORIAJS\Carrocomp-proyecto\node_modules\font-awesome\package.json
9 verbose installManyTop reading scoped package data from C:\LABORATORIAJS\Carrocomp-proyecto\node_modules\gulp\package.json
10 verbose installManyTop reading scoped package data from C:\LABORATORIAJS\Carrocomp-proyecto\node_modules\gulp-browserify\package.json
11 verbose installManyTop reading scoped package data from C:\LABORATORIAJS\Carrocomp-proyecto\node_modules\gulp-concat\package.json
12 verbose installManyTop reading scoped package data from C:\LABORATORIAJS\Carrocomp-proyecto\node_modules\gulp-jshint\package.json
13 verbose installManyTop reading scoped package data from C:\LABORATORIAJS\Carrocomp-proyecto\node_modules\gulp-minify-css\package.json
14 verbose installManyTop reading scoped package data from C:\LABORATORIAJS\Carrocomp-proyecto\node_modules\gulp-notify\package.json
15 verbose installManyTop reading scoped package data from C:\LABORATORIAJS\Carrocomp-proyecto\node_modules\gulp-sass\package.json
16 verbose installManyTop reading scoped package data from C:\LABORATORIAJS\Carrocomp-proyecto\node_modules\gulp-uglify\package.json
17 verbose installManyTop reading scoped package data from C:\LABORATORIAJS\Carrocomp-proyecto\node_modules\jquery\package.json
18 verbose installManyTop reading scoped package data from C:\LABORATORIAJS\Carrocomp-proyecto\node_modules\jshint\package.json
19 verbose installManyTop reading scoped package data from C:\LABORATORIAJS\Carrocomp-proyecto\node_modules\sweetalert\package.json
20 info package.json gulp-minify-css@1.2.4 No repository field.
21 info package.json gulp-notify@2.2.0 No license field.
22 verbose readDependencies loading dependencies from C:\LABORATORIAJS\Carrocomp-proyecto\package.json
23 silly cache add args [ '$(document).ready(init());', null ]
24 verbose cache add spec $(document).ready(init());
25 silly cache add parsed spec Result {
25 silly cache add   raw: '$(document).ready(init());',
25 silly cache add   scope: null,
25 silly cache add   name: null,
25 silly cache add   rawSpec: '$(document).ready(init());',
25 silly cache add   spec: 'C:\\LABORATORIAJS\\Carrocomp-proyecto\\$(document).ready(init());',
25 silly cache add   type: 'local' }
26 error addLocal Could not install C:\LABORATORIAJS\Carrocomp-proyecto\$(document).ready(init());
27 verbose stack Error: ENOENT: no such file or directory, open 'C:\LABORATORIAJS\Carrocomp-proyecto\$(document).ready(init());'
27 verbose stack     at Error (native)
28 verbose cwd C:\LABORATORIAJS\Carrocomp-proyecto
29 error Windows_NT 6.1.7601
30 error argv "C:\\Program Files\\nodejs\\node.exe" "C:\\Program Files\\nodejs\\node_modules\\npm\\bin\\npm-cli.js" "install" "--save-dev" "$(document).ready(init());"
31 error node v4.4.4
32 error npm  v2.15.1
33 error path C:\LABORATORIAJS\Carrocomp-proyecto\$(document).ready(init());
34 error code ENOENT
35 error errno -4058
36 error syscall open
37 error enoent ENOENT: no such file or directory, open 'C:\LABORATORIAJS\Carrocomp-proyecto\$(document).ready(init());'
37 error enoent This is most likely not a problem with npm itself
37 error enoent and is related to npm not being able to find a file.
38 verbose exit [ -4058, true ]
